<?xml version="1.0" encoding="UTF-8"?>
<properties>
    <property name = "name">zhangshan</property>
    <property name = "age">18</property>
</properties>
